Arguments: 
  C:\Program Files\nodejs\node.exe C:\Users\imaxeam\AppData\Roaming\npm\node_modules\yarn\bin\yarn.js add bootstarp --save

PATH: 
  C:\Users\imaxeam\bin;C:\Program Files\Git\mingw64\bin;C:\Program Files\Git\usr\local\bin;C:\Program Files\Git\usr\bin;C:\Program Files\Git\usr\bin;C:\Program Files\Git\mingw64\bin;C:\Program Files\Git\usr\bin;C:\Users\imaxeam\bin;C:\Windows\system32;C:\Windows;C:\Windows\System32\Wbem;C:\Windows\System32\WindowsPowerShell\v1.0;C:\Program Files\nodejs;C:\Program Files\Microsoft VS Code\bin;C:\Program Files\Git\cmd;C:\Users\imaxeam\AppData\Roaming\npm;C:\Program Files\Git\usr\bin\vendor_perl;C:\Program Files\Git\usr\bin\core_perl

Yarn version: 
  1.10.1

Node version: 
  8.12.0

Platform: 
  win32 x64

Trace: 
  Error: https://registry.yarnpkg.com/bootstarp: Not found
      at Request.params.callback [as _callback] (C:\Users\imaxeam\AppData\Roaming\npm\node_modules\yarn\lib\cli.js:61073:18)
      at Request.self.callback (C:\Users\imaxeam\AppData\Roaming\npm\node_modules\yarn\lib\cli.js:120166:22)
      at emitTwo (events.js:126:13)
      at Request.emit (events.js:214:7)
      at Request.<anonymous> (C:\Users\imaxeam\AppData\Roaming\npm\node_modules\yarn\lib\cli.js:121138:10)
      at emitOne (events.js:116:13)
      at Request.emit (events.js:211:7)
      at IncomingMessage.<anonymous> (C:\Users\imaxeam\AppData\Roaming\npm\node_modules\yarn\lib\cli.js:121060:12)
      at Object.onceWrapper (events.js:313:30)
      at emitNone (events.js:111:20)

npm manifest: 
  {
    "name": "client",
    "version": "0.0.0",
    "scripts": {
      "ng": "ng",
      "start": "ng serve",
      "build": "ng build",
      "test": "ng test",
      "lint": "ng lint",
      "e2e": "ng e2e"
    },
    "private": true,
    "dependencies": {
      "@angular/animations": "~7.0.0",
      "@angular/common": "~7.0.0",
      "@angular/compiler": "~7.0.0",
      "@angular/core": "~7.0.0",
      "@angular/forms": "~7.0.0",
      "@angular/http": "~7.0.0",
      "@angular/platform-browser": "~7.0.0",
      "@angular/platform-browser-dynamic": "~7.0.0",
      "@angular/router": "~7.0.0",
      "core-js": "^2.5.4",
      "rxjs": "~6.3.3",
      "zone.js": "~0.8.26"
    },
    "devDependencies": {
      "@angular-devkit/build-angular": "~0.10.0",
      "@angular/cli": "~7.0.2",
      "@angular/compiler-cli": "~7.0.0",
      "@angular/language-service": "~7.0.0",
      "@types/node": "~8.9.4",
      "@types/jasmine": "~2.8.8",
      "@types/jasminewd2": "~2.0.3",
      "codelyzer": "~4.5.0",
      "jasmine-core": "~2.99.1",
      "jasmine-spec-reporter": "~4.2.1",
      "karma": "~3.0.0",
      "karma-chrome-launcher": "~2.2.0",
      "karma-coverage-istanbul-reporter": "~2.0.1",
      "karma-jasmine": "~1.1.2",
      "karma-jasmine-html-reporter": "^0.2.2",
      "protractor": "~5.4.0",
      "ts-node": "~7.0.0",
      "tslint": "~5.11.0",
      "typescript": "~3.1.1"
    }
  }

yarn manifest: 
  No manifest

Lockfile: 
  No lockfile
